<?xml version="1.0" encoding="UTF-8"?>
<!-- Generated by org.testng.reporters.JUnitReportReporter -->
<testsuite skipped="12" hostname="Jaspreet2893-Mac.local" name="com.pom.crimson.testcases.ExplorePageTest" tests="13" failures="0" timestamp="2020-11-10T19:08:29 IST" time="83.789" errors="0">
  <testcase name="verifyUpdateInterestOnProfile" time="83.789" classname="com.pom.crimson.testcases.ExplorePageTest"/>
  <system-out/>
  <testcase name="verifyNavigationToDiscoverTopicsPage" classname="com.pom.crimson.testcases.ExplorePageTest">
    <skipped/>
  </testcase> <!-- verifyNavigationToDiscoverTopicsPage -->
  <system-out/>
  <testcase name="verifyShareBasedOnGroups" classname="com.pom.crimson.testcases.ExplorePageTest">
    <skipped/>
  </testcase> <!-- verifyShareBasedOnGroups -->
  <system-out/>
  <testcase name="verifyCrossBtnOnDiscoverTopicsPage" classname="com.pom.crimson.testcases.ExplorePageTest">
    <skipped/>
  </testcase> <!-- verifyCrossBtnOnDiscoverTopicsPage -->
  <system-out/>
  <testcase name="verifyDiscoverMoreAndClickInterest" classname="com.pom.crimson.testcases.ExplorePageTest">
    <skipped/>
  </testcase> <!-- verifyDiscoverMoreAndClickInterest -->
  <system-out/>
  <testcase name="verifyUpdateInterest" classname="com.pom.crimson.testcases.ExplorePageTest">
    <skipped/>
  </testcase> <!-- verifyUpdateInterest -->
  <system-out/>
  <testcase name="verifyNavigationToContentPageBasedOnGroups" classname="com.pom.crimson.testcases.ExplorePageTest">
    <skipped/>
  </testcase> <!-- verifyNavigationToContentPageBasedOnGroups -->
  <system-out/>
  <testcase name="verifyNavigationToFilteredInterestResultPageFromDiscoverTopics" classname="com.pom.crimson.testcases.ExplorePageTest">
    <skipped/>
  </testcase> <!-- verifyNavigationToFilteredInterestResultPageFromDiscoverTopics -->
  <system-out/>
  <testcase name="verifyNavigationToUpdateInterestPage" classname="com.pom.crimson.testcases.ExplorePageTest">
    <skipped/>
  </testcase> <!-- verifyNavigationToUpdateInterestPage -->
  <system-out/>
  <testcase name="verifyNavigationDiscoverMore" classname="com.pom.crimson.testcases.ExplorePageTest">
    <skipped/>
  </testcase> <!-- verifyNavigationDiscoverMore -->
  <system-out/>
  <testcase name="verifyNavigationToBasedOnYourGroupsPage" classname="com.pom.crimson.testcases.ExplorePageTest">
    <skipped/>
  </testcase> <!-- verifyNavigationToBasedOnYourGroupsPage -->
  <system-out/>
  <testcase name="verifyCrossBtnOnFilteredInterestResultPage" classname="com.pom.crimson.testcases.ExplorePageTest">
    <skipped/>
  </testcase> <!-- verifyCrossBtnOnFilteredInterestResultPage -->
  <system-out/>
  <testcase name="verifyClickingOfArticleInBasedOnIntrestSection" classname="com.pom.crimson.testcases.ExplorePageTest">
    <skipped/>
  </testcase> <!-- verifyClickingOfArticleInBasedOnIntrestSection -->
  <system-out/>
</testsuite> <!-- com.pom.crimson.testcases.ExplorePageTest -->
