<?xml version="1.0" encoding="UTF-8"?>
<!-- Generated by org.testng.reporters.JUnitReportReporter -->
<testsuite skipped="19" hostname="Jaspreet2893-Mac.local" name="com.pom.crimson.testcases.momentlog.AddNewMomentsPageTest" tests="21" failures="0" timestamp="2020-11-26T20:06:34 IST" time="85.573" errors="0">
  <testcase name="verifyManageProfileLink_AddNewMomentsPageTest" time="46.495" classname="com.pom.crimson.testcases.momentlog.AddNewMomentsPageTest"/>
  <system-out/>
  <testcase name="verifyCrossBtn_AddNewMomentsPageTest" time="39.078" classname="com.pom.crimson.testcases.momentlog.AddNewMomentsPageTest"/>
  <system-out/>
  <testcase name="verifyCameraReject_AddNewMomentsPageTest" classname="com.pom.crimson.testcases.momentlog.AddNewMomentsPageTest">
    <skipped/>
  </testcase> <!-- verifyCameraReject_AddNewMomentsPageTest -->
  <system-out/>
  <testcase name="verifyMyselfTabForExperiencedParents_AddNewMomentsPageTest" classname="com.pom.crimson.testcases.momentlog.AddNewMomentsPageTest">
    <skipped/>
  </testcase> <!-- verifyMyselfTabForExperiencedParents_AddNewMomentsPageTest -->
  <system-out/>
  <testcase name="verifyMyselfTabForPlanningBaby_AddNewMomentsPageTest" classname="com.pom.crimson.testcases.momentlog.AddNewMomentsPageTest">
    <skipped/>
  </testcase> <!-- verifyMyselfTabForPlanningBaby_AddNewMomentsPageTest -->
  <system-out/>
  <testcase name="verifyCameraAccept_AddNewMomentsPageTest" classname="com.pom.crimson.testcases.momentlog.AddNewMomentsPageTest">
    <skipped/>
  </testcase> <!-- verifyCameraAccept_AddNewMomentsPageTest -->
  <system-out/>
  <testcase name="verifyCameraToggle_AddNewMomentsPageTest" classname="com.pom.crimson.testcases.momentlog.AddNewMomentsPageTest">
    <skipped/>
  </testcase> <!-- verifyCameraToggle_AddNewMomentsPageTest -->
  <system-out/>
  <testcase name="verifyMyselfGreyOutOnChildTabSelection_AddNewMomentsPageTest" classname="com.pom.crimson.testcases.momentlog.AddNewMomentsPageTest">
    <skipped/>
  </testcase> <!-- verifyMyselfGreyOutOnChildTabSelection_AddNewMomentsPageTest -->
  <system-out/>
  <testcase name="selectPastYear_AddNewMomentsPageTest" classname="com.pom.crimson.testcases.momentlog.AddNewMomentsPageTest">
    <skipped/>
  </testcase> <!-- selectPastYear_AddNewMomentsPageTest -->
  <system-out/>
  <testcase name="selectMultipleImageFromGallery_AddNewMomentsPageTest" classname="com.pom.crimson.testcases.momentlog.AddNewMomentsPageTest">
    <skipped/>
  </testcase> <!-- selectMultipleImageFromGallery_AddNewMomentsPageTest -->
  <system-out/>
  <testcase name="verifyMomentDeletion_AddNewMomentsPageTest" classname="com.pom.crimson.testcases.momentlog.AddNewMomentsPageTest">
    <skipped/>
  </testcase> <!-- verifyMomentDeletion_AddNewMomentsPageTest -->
  <system-out/>
  <testcase name="verifyMyselfTabForNewParents_AddNewMomentsPageTest" classname="com.pom.crimson.testcases.momentlog.AddNewMomentsPageTest">
    <skipped/>
  </testcase> <!-- verifyMyselfTabForNewParents_AddNewMomentsPageTest -->
  <system-out/>
  <testcase name="verifyMyselfTabForParentToBe_AddNewMomentsPageTest" classname="com.pom.crimson.testcases.momentlog.AddNewMomentsPageTest">
    <skipped/>
  </testcase> <!-- verifyMyselfTabForParentToBe_AddNewMomentsPageTest -->
  <system-out/>
  <testcase name="verifyMomentCreationWithPregnancyMilestone_AddNewMomentsPageTest" classname="com.pom.crimson.testcases.momentlog.AddNewMomentsPageTest">
    <skipped/>
  </testcase> <!-- verifyMomentCreationWithPregnancyMilestone_AddNewMomentsPageTest -->
  <system-out/>
  <testcase name="selectPastMonth_AddNewMomentsPageTest" classname="com.pom.crimson.testcases.momentlog.AddNewMomentsPageTest">
    <skipped/>
  </testcase> <!-- selectPastMonth_AddNewMomentsPageTest -->
  <system-out/>
  <testcase name="verifyCameraRetake_AddNewMomentsPageTest" classname="com.pom.crimson.testcases.momentlog.AddNewMomentsPageTest">
    <skipped/>
  </testcase> <!-- verifyCameraRetake_AddNewMomentsPageTest -->
  <system-out/>
  <testcase name="verifyPhotoLibraryToggle_AddNewMomentsPageTest" classname="com.pom.crimson.testcases.momentlog.AddNewMomentsPageTest">
    <skipped/>
  </testcase> <!-- verifyPhotoLibraryToggle_AddNewMomentsPageTest -->
  <system-out/>
  <testcase name="verifyMomentForMyself_AddNewMomentsPageTest" classname="com.pom.crimson.testcases.momentlog.AddNewMomentsPageTest">
    <skipped/>
  </testcase> <!-- verifyMomentForMyself_AddNewMomentsPageTest -->
  <system-out/>
  <testcase name="verifyCalendarPicker_AddNewMomentsPageTest" classname="com.pom.crimson.testcases.momentlog.AddNewMomentsPageTest">
    <skipped/>
  </testcase> <!-- verifyCalendarPicker_AddNewMomentsPageTest -->
  <system-out/>
  <testcase name="selectSingleImageFromGallery_AddNewMomentsPageTest" classname="com.pom.crimson.testcases.momentlog.AddNewMomentsPageTest">
    <skipped/>
  </testcase> <!-- selectSingleImageFromGallery_AddNewMomentsPageTest -->
  <system-out/>
  <testcase name="verifyNavigationToAddNewMomentPage_AddNewMomentsPageTest" classname="com.pom.crimson.testcases.momentlog.AddNewMomentsPageTest">
    <skipped/>
  </testcase> <!-- verifyNavigationToAddNewMomentPage_AddNewMomentsPageTest -->
  <system-out/>
</testsuite> <!-- com.pom.crimson.testcases.momentlog.AddNewMomentsPageTest -->
