<?xml version="1.0" encoding="UTF-8"?>
<!-- Generated by org.testng.reporters.JUnitReportReporter -->
<testsuite skipped="0" hostname="Jaspreet2893-Mac.local" name="com.pom.crimson.testcases.momentlog.EmptyStateTest" tests="7" failures="0" timestamp="2020-12-11T20:25:56 IST" time="1032.217" errors="0">
  <testcase name="verifyEmptyStateMomentsLogPage_EmptyStateTest" time="181.225" classname="com.pom.crimson.testcases.momentlog.EmptyStateTest"/>
  <system-out/>
  <testcase name="verifyAddYourFirstMomentButton_EmptyStateTest" time="73.600" classname="com.pom.crimson.testcases.momentlog.EmptyStateTest"/>
  <system-out/>
  <testcase name="verifyVaccineLogGrowthLogNotPresent_EmptyStateTest" time="241.805" classname="com.pom.crimson.testcases.momentlog.EmptyStateTest"/>
  <system-out/>
  <testcase name="verifyEmptyStateVaccineLogPage_EmptyStateTest" time="152.857" classname="com.pom.crimson.testcases.momentlog.EmptyStateTest"/>
  <system-out/>
  <testcase name="verifyEmptyStateGrowthLogPage_EmptyStateTest" time="98.719" classname="com.pom.crimson.testcases.momentlog.EmptyStateTest"/>
  <system-out/>
  <testcase name="verifyChildProfileToggleVaccineLog_EmptyStateTest" time="168.664" classname="com.pom.crimson.testcases.momentlog.EmptyStateTest"/>
  <system-out/>
  <testcase name="verifyChildProfileToggleGrowthLog_EmptyStateTest" time="115.347" classname="com.pom.crimson.testcases.momentlog.EmptyStateTest"/>
  <system-out/>
</testsuite> <!-- com.pom.crimson.testcases.momentlog.EmptyStateTest -->
