<?xml version="1.0" encoding="UTF-8"?>
<!-- Generated by org.testng.reporters.JUnitReportReporter -->
<testsuite skipped="10" hostname="Jaspreet2893-Mac.local" name="com.pom.crimson.testcases.HomePageTest" tests="11" failures="0" timestamp="2020-11-05T17:28:54 IST" time="31.922" errors="0">
  <testcase name="verifyURLDeepLinkShareInOtherApps" time="31.922" classname="com.pom.crimson.testcases.HomePageTest"/>
  <system-out/>
  <testcase name="verifyLike" classname="com.pom.crimson.testcases.HomePageTest">
    <skipped/>
  </testcase> <!-- verifyLike -->
  <system-out/>
  <testcase name="verifyBookMark" classname="com.pom.crimson.testcases.HomePageTest">
    <skipped/>
  </testcase> <!-- verifyBookMark -->
  <system-out/>
  <testcase name="verifyNavigationToContentPage" classname="com.pom.crimson.testcases.HomePageTest">
    <skipped/>
  </testcase> <!-- verifyNavigationToContentPage -->
  <system-out/>
  <testcase name="verifyNavigationToExplorePage" classname="com.pom.crimson.testcases.HomePageTest">
    <skipped/>
  </testcase> <!-- verifyNavigationToExplorePage -->
  <system-out/>
  <testcase name="verifyNavigationToMomentsLogPage" classname="com.pom.crimson.testcases.HomePageTest">
    <skipped/>
  </testcase> <!-- verifyNavigationToMomentsLogPage -->
  <system-out/>
  <testcase name="verifyNavigationToRecommendedContentAndClickSeeAll" classname="com.pom.crimson.testcases.HomePageTest">
    <skipped/>
  </testcase> <!-- verifyNavigationToRecommendedContentAndClickSeeAll -->
  <system-out/>
  <testcase name="verifyRemoveBookMark" classname="com.pom.crimson.testcases.HomePageTest">
    <skipped/>
  </testcase> <!-- verifyRemoveBookMark -->
  <system-out/>
  <testcase name="verifyShareInOtherApps" classname="com.pom.crimson.testcases.HomePageTest">
    <skipped/>
  </testcase> <!-- verifyShareInOtherApps -->
  <system-out/>
  <testcase name="verifyShareInGroupChat" classname="com.pom.crimson.testcases.HomePageTest">
    <skipped/>
  </testcase> <!-- verifyShareInGroupChat -->
  <system-out/>
  <testcase name="verifyUnlike" classname="com.pom.crimson.testcases.HomePageTest">
    <skipped/>
  </testcase> <!-- verifyUnlike -->
  <system-out/>
</testsuite> <!-- com.pom.crimson.testcases.HomePageTest -->
