<?xml version="1.0" encoding="UTF-8"?>
<!-- Generated by org.testng.reporters.JUnitReportReporter -->
<testsuite skipped="8" hostname="Jaspreet2893-Mac.local" name="com.pom.crimson.testcases.momentlog.AddNewMomentPageMilestoneTab_Test" tests="10" failures="0" timestamp="2020-12-05T20:22:26 IST" time="296.869" errors="0">
  <testcase name="verifyPregMilestones_ThirdTrem_AddNewMomentPageTest" time="140.107" classname="com.pom.crimson.testcases.momentlog.AddNewMomentPageMilestoneTab_Test"/>
  <system-out/>
  <testcase name="verifyPregMilestones_SecondTrem_AddNewMomentPageTest" time="156.762" classname="com.pom.crimson.testcases.momentlog.AddNewMomentPageMilestoneTab_Test"/>
  <system-out/>
  <testcase name="verifyChildAgeCard_0To3Months_AddNewMomentPageTest" classname="com.pom.crimson.testcases.momentlog.AddNewMomentPageMilestoneTab_Test">
    <skipped/>
  </testcase> <!-- verifyChildAgeCard_0To3Months_AddNewMomentPageTest -->
  <system-out/>
  <testcase name="verifyChildAgeCard_3To5Years_AddNewMomentPageTest" classname="com.pom.crimson.testcases.momentlog.AddNewMomentPageMilestoneTab_Test">
    <skipped/>
  </testcase> <!-- verifyChildAgeCard_3To5Years_AddNewMomentPageTest -->
  <system-out/>
  <testcase name="verifyPregMilestones_FirstTrem_AddNewMomentPageTest" classname="com.pom.crimson.testcases.momentlog.AddNewMomentPageMilestoneTab_Test">
    <skipped/>
  </testcase> <!-- verifyPregMilestones_FirstTrem_AddNewMomentPageTest -->
  <system-out/>
  <testcase name="verifyChildAgeCard_1To3Years_AddNewMomentPageTest" classname="com.pom.crimson.testcases.momentlog.AddNewMomentPageMilestoneTab_Test">
    <skipped/>
  </testcase> <!-- verifyChildAgeCard_1To3Years_AddNewMomentPageTest -->
  <system-out/>
  <testcase name="verifyChildAgeCard_9To12Months_AddNewMomentPageTest" classname="com.pom.crimson.testcases.momentlog.AddNewMomentPageMilestoneTab_Test">
    <skipped/>
  </testcase> <!-- verifyChildAgeCard_9To12Months_AddNewMomentPageTest -->
  <system-out/>
  <testcase name="verifyChildAgeCard_3To6Months_AddNewMomentPageTest" classname="com.pom.crimson.testcases.momentlog.AddNewMomentPageMilestoneTab_Test">
    <skipped/>
  </testcase> <!-- verifyChildAgeCard_3To6Months_AddNewMomentPageTest -->
  <system-out/>
  <testcase name="verifyChildAgeCard_5PlusYears_AddNewMomentPageTest" classname="com.pom.crimson.testcases.momentlog.AddNewMomentPageMilestoneTab_Test">
    <skipped/>
  </testcase> <!-- verifyChildAgeCard_5PlusYears_AddNewMomentPageTest -->
  <system-out/>
  <testcase name="verifyChildAgeCard_6To9Months_AddNewMomentPageTest" classname="com.pom.crimson.testcases.momentlog.AddNewMomentPageMilestoneTab_Test">
    <skipped/>
  </testcase> <!-- verifyChildAgeCard_6To9Months_AddNewMomentPageTest -->
  <system-out/>
</testsuite> <!-- com.pom.crimson.testcases.momentlog.AddNewMomentPageMilestoneTab_Test -->
