<?xml version="1.0" encoding="UTF-8"?>
<!-- Generated by org.testng.reporters.JUnitReportReporter -->
<testsuite skipped="0" hostname="Jaspreet2893-Mac.local" name="com.pom.crimson.testcases.momentlog.MomentsLogPageTest2" tests="1" failures="0" timestamp="2020-11-25T19:24:03 IST" time="22.384" errors="0">
  <testcase name="verifyMomentWithoutImageShareInGroupChat_MomentLogPageTest" time="22.384" classname="com.pom.crimson.testcases.momentlog.MomentsLogPageTest2"/>
  <system-out/>
</testsuite> <!-- com.pom.crimson.testcases.momentlog.MomentsLogPageTest2 -->
