<?xml version="1.0" encoding="UTF-8"?>
<!-- Generated by org.testng.reporters.JUnitReportReporter -->
<testsuite skipped="0" hostname="Jaspreet2893-Mac.local" name="com.pom.crimson.testcases.momentlog.MomentsLogApiTest" tests="1" failures="0" timestamp="2020-11-17T14:29:09 IST" time="58.477" errors="0">
  <testcase name="verifyEmptyStateMomentsLogPage_MomentsLogApiTest" time="58.477" classname="com.pom.crimson.testcases.momentlog.MomentsLogApiTest"/>
  <system-out/>
</testsuite> <!-- com.pom.crimson.testcases.momentlog.MomentsLogApiTest -->
