<?xml version="1.0" encoding="UTF-8"?>
<!-- Generated by org.testng.reporters.JUnitReportReporter -->
<testsuite skipped="0" hostname="IN-C02D733KMD6M.local" name="com.automation.testcases.web.HomePageTest" tests="1" failures="0" timestamp="2022-05-25T18:51:56 IST" time="49.558" errors="0">
  <testcase name="verifySearch" time="49.558" classname="com.automation.testcases.web.HomePageTest"/>
  <system-out/>
</testsuite> <!-- com.automation.testcases.web.HomePageTest -->
