<?xml version="1.0" encoding="UTF-8"?>
<!-- Generated by org.testng.reporters.JUnitReportReporter -->
<testsuite skipped="0" hostname="Jaspreet2893-Mac.local" name="com.pom.crimson.testcases.momentlog.VaccineLogPageTest2" tests="1" failures="0" timestamp="2020-11-26T10:11:44 IST" time="49.870" errors="0">
  <testcase name="verifyVaccineLogLinkIsDisplayed_VaccineLogPageTest" time="49.870" classname="com.pom.crimson.testcases.momentlog.VaccineLogPageTest2"/>
  <system-out/>
</testsuite> <!-- com.pom.crimson.testcases.momentlog.VaccineLogPageTest2 -->
