<?xml version="1.0" encoding="UTF-8"?>
<!-- Generated by org.testng.reporters.JUnitReportReporter -->
<testsuite skipped="0" hostname="Jaspreet2893-Mac.local" name="com.pom.crimson.testcases.momentlog.MomentsLogPageTest" tests="2" failures="0" timestamp="2020-11-25T15:27:05 IST" time="133.233" errors="0">
  <testcase name="verifyMomentWithoutImageShareInGroupChat_MomentLogPageTest" time="68.993" classname="com.pom.crimson.testcases.momentlog.MomentsLogPageTest"/>
  <system-out/>
  <testcase name="verifyMomentShareExternalAppsWithoutImage_MomentsLogPageTest" time="64.240" classname="com.pom.crimson.testcases.momentlog.MomentsLogPageTest"/>
  <system-out/>
</testsuite> <!-- com.pom.crimson.testcases.momentlog.MomentsLogPageTest -->
