<?xml version="1.0" encoding="UTF-8"?>
<!-- Generated by org.testng.reporters.JUnitReportReporter -->
<testsuite skipped="0" hostname="Jaspreet2893-Mac.local" name="com.pom.crimson.testcases.explore.UpdateYourInterestPageTest" tests="6" failures="0" timestamp="2020-12-11T15:33:26 IST" time="751.771" errors="0">
  <testcase name="testDataCreationAssociatedTwoInterest_UpdateYourInterestPageTest" time="83.068" classname="com.pom.crimson.testcases.explore.UpdateYourInterestPageTest"/>
  <system-out/>
  <testcase name="verifyNavigationToUpdateInterestPage_UpdateYourInterestPageTest" time="99.057" classname="com.pom.crimson.testcases.explore.UpdateYourInterestPageTest"/>
  <system-out/>
  <testcase name="verifyUpdateInterest_UpdateYourInterestPageTest" time="144.645" classname="com.pom.crimson.testcases.explore.UpdateYourInterestPageTest"/>
  <system-out/>
  <testcase name="verifyUpdateInterestOnProfile_UpdateYourInterestPageTest" time="161.725" classname="com.pom.crimson.testcases.explore.UpdateYourInterestPageTest"/>
  <system-out/>
  <testcase name="verifyUpdateMultipleInterest_UpdateYourInterestPageTest" time="153.867" classname="com.pom.crimson.testcases.explore.UpdateYourInterestPageTest"/>
  <system-out/>
  <testcase name="verifyCrossBtnOnUpdateInterestPage_UpdateYourInterestPageTest" time="109.409" classname="com.pom.crimson.testcases.explore.UpdateYourInterestPageTest"/>
  <system-out/>
</testsuite> <!-- com.pom.crimson.testcases.explore.UpdateYourInterestPageTest -->
