<?xml version="1.0" encoding="UTF-8"?>
<!-- Generated by org.testng.reporters.JUnitReportReporter -->
<testsuite skipped="0" hostname="Jaspreet2893-Mac.local" name="com.pom.crimson.testcases.home.HomePageTest" tests="10" failures="0" timestamp="2020-12-11T13:50:01 IST" time="1195.403" errors="0">
  <testcase name="verifyNavigationToExplorePage_HomePageTest" time="67.474" classname="com.pom.crimson.testcases.home.HomePageTest"/>
  <system-out/>
  <testcase name="verifyNavigationToMomentsLogPage_HomePageTest" time="68.357" classname="com.pom.crimson.testcases.home.HomePageTest"/>
  <system-out/>
  <testcase name="verifyNavigationToRecommendedContentAndClickSeeAll_HomePageTest" time="78.376" classname="com.pom.crimson.testcases.home.HomePageTest"/>
  <system-out/>
  <testcase name="verifyNavigationToContentPage_HomePageTest" time="103.929" classname="com.pom.crimson.testcases.home.HomePageTest"/>
  <system-out/>
  <testcase name="verifyLike_HomePageTest" time="146.554" classname="com.pom.crimson.testcases.home.HomePageTest"/>
  <system-out/>
  <testcase name="verifyUnlike_HomePageTest" time="153.760" classname="com.pom.crimson.testcases.home.HomePageTest"/>
  <system-out/>
  <testcase name="verifyBookMark_HomePageTest" time="167.981" classname="com.pom.crimson.testcases.home.HomePageTest"/>
  <system-out/>
  <testcase name="verifyRemoveBookMark_HomePageTest" time="155.449" classname="com.pom.crimson.testcases.home.HomePageTest"/>
  <system-out/>
  <testcase name="verifyShareInGroupChat_HomePageTest" time="144.749" classname="com.pom.crimson.testcases.home.HomePageTest"/>
  <system-out/>
  <testcase name="verifyShareInOtherApps_HomePageTest" time="108.774" classname="com.pom.crimson.testcases.home.HomePageTest"/>
  <system-out/>
</testsuite> <!-- com.pom.crimson.testcases.home.HomePageTest -->
