<?xml version="1.0" encoding="UTF-8"?>
<!-- Generated by org.testng.reporters.JUnitReportReporter -->
<testsuite skipped="1" hostname="Jaspreet2893-Mac.local" name="com.pom.crimson.testcases.momentlog.MomentsLogWithoutChildProfileTest" tests="2" failures="0" timestamp="2020-12-02T18:58:47 IST" time="45.908" errors="0">
  <testcase name="verifyChildProfiles_MomentsLogWithoutChildProfileTest" time="45.908" classname="com.pom.crimson.testcases.momentlog.MomentsLogWithoutChildProfileTest"/>
  <system-out/>
  <testcase name="verifyVaccineLogGrowthLogNotPresent_MomentsLogWithoutChildProfileTest" classname="com.pom.crimson.testcases.momentlog.MomentsLogWithoutChildProfileTest">
    <skipped/>
  </testcase> <!-- verifyVaccineLogGrowthLogNotPresent_MomentsLogWithoutChildProfileTest -->
  <system-out/>
</testsuite> <!-- com.pom.crimson.testcases.momentlog.MomentsLogWithoutChildProfileTest -->
