<?xml version="1.0" encoding="UTF-8"?>
<!-- Generated by org.testng.reporters.JUnitReportReporter -->
<testsuite skipped="2" hostname="Jaspreet2893-Mac.local" name="com.pom.crimson.testcases.home.HomePage_DailyTips" tests="6" failures="0" timestamp="2020-12-14T17:42:08 IST" time="1994.165" errors="0">
  <testcase name="verifyDailyTipNewParents_HomePageTest" time="332.925" classname="com.pom.crimson.testcases.home.HomePage_DailyTips"/>
  <system-out/>
  <testcase name="verifyDailyTipParentToBe_HomePageTest" time="291.111" classname="com.pom.crimson.testcases.home.HomePage_DailyTips"/>
  <system-out/>
  <testcase name="verifyDailyTipPlanningBaby_HomePageTest" time="850.904" classname="com.pom.crimson.testcases.home.HomePage_DailyTips"/>
  <system-out/>
  <testcase name="verifyDailyTipExperiencedParents_HomePageTest" time="519.225" classname="com.pom.crimson.testcases.home.HomePage_DailyTips"/>
  <system-out/>
  <testcase name="verifyRecommendedContentIsDisplayed_HomePageTest" classname="com.pom.crimson.testcases.home.HomePage_DailyTips">
    <skipped/>
  </testcase> <!-- verifyRecommendedContentIsDisplayed_HomePageTest -->
  <system-out/>
  <testcase name="verifyChildAgeCard_HomePageTest" classname="com.pom.crimson.testcases.home.HomePage_DailyTips">
    <skipped/>
  </testcase> <!-- verifyChildAgeCard_HomePageTest -->
  <system-out/>
</testsuite> <!-- com.pom.crimson.testcases.home.HomePage_DailyTips -->
