<?xml version="1.0" encoding="UTF-8"?>
<!-- Generated by org.testng.reporters.JUnitReportReporter -->
<testsuite skipped="19" hostname="Jaspreet2893-Mac.local" name="com.pom.crimson.testcases.momentlog.VaccineLogPageTest" tests="20" failures="0" timestamp="2020-12-14T09:47:30 IST" time="266.746" errors="0">
  <testcase name="verifyMomentCreationWithImageMilestoneNoteHeightWeight_VaccineLogPageTest" time="266.746" classname="com.pom.crimson.testcases.momentlog.VaccineLogPageTest"/>
  <system-out/>
  <testcase name="deleteAllData_VaccineLogTest" classname="com.pom.crimson.testcases.momentlog.VaccineLogPageTest">
    <skipped/>
  </testcase> <!-- deleteAllData_VaccineLogTest -->
  <system-out/>
  <testcase name="verifyAddMomentSectionIsDisplayed_VaccineLogPageTest" classname="com.pom.crimson.testcases.momentlog.VaccineLogPageTest">
    <skipped/>
  </testcase> <!-- verifyAddMomentSectionIsDisplayed_VaccineLogPageTest -->
  <system-out/>
  <testcase name="verifyMomentCreationWithMilestoneHeight_VaccineLogPageTest" classname="com.pom.crimson.testcases.momentlog.VaccineLogPageTest">
    <skipped/>
  </testcase> <!-- verifyMomentCreationWithMilestoneHeight_VaccineLogPageTest -->
  <system-out/>
  <testcase name="verifyEditMomentCardWithoutImage_VaccineLogPageTest" classname="com.pom.crimson.testcases.momentlog.VaccineLogPageTest">
    <skipped/>
  </testcase> <!-- verifyEditMomentCardWithoutImage_VaccineLogPageTest -->
  <system-out/>
  <testcase name="verifyMoreButtonFullPageImageView_VaccineLogPageTestt" classname="com.pom.crimson.testcases.momentlog.VaccineLogPageTest">
    <skipped/>
  </testcase> <!-- verifyMoreButtonFullPageImageView_VaccineLogPageTestt -->
  <system-out/>
  <testcase name="verifyEditMomentFullImageView_VaccineLogPageTest" classname="com.pom.crimson.testcases.momentlog.VaccineLogPageTest">
    <skipped/>
  </testcase> <!-- verifyEditMomentFullImageView_VaccineLogPageTest -->
  <system-out/>
  <testcase name="verifyNavigationToVaccineLogPage_VaccineLogPageTest" classname="com.pom.crimson.testcases.momentlog.VaccineLogPageTest">
    <skipped/>
  </testcase> <!-- verifyNavigationToVaccineLogPage_VaccineLogPageTest -->
  <system-out/>
  <testcase name="verifyBackButton_VaccineLogPageTest" classname="com.pom.crimson.testcases.momentlog.VaccineLogPageTest">
    <skipped/>
  </testcase> <!-- verifyBackButton_VaccineLogPageTest -->
  <system-out/>
  <testcase name="verifyDeleteMomentCardWithoutImage_VaccineLogPageTest" classname="com.pom.crimson.testcases.momentlog.VaccineLogPageTest">
    <skipped/>
  </testcase> <!-- verifyDeleteMomentCardWithoutImage_VaccineLogPageTest -->
  <system-out/>
  <testcase name="verifyMomentShareExternalAppsWithoutImage_VaccineLogPageTest" classname="com.pom.crimson.testcases.momentlog.VaccineLogPageTest">
    <skipped/>
  </testcase> <!-- verifyMomentShareExternalAppsWithoutImage_VaccineLogPageTest -->
  <system-out/>
  <testcase name="verifyNavgationToAddNewMomentScreenFromVaccineLog_VaccineLogPageTest" classname="com.pom.crimson.testcases.momentlog.VaccineLogPageTest">
    <skipped/>
  </testcase> <!-- verifyNavgationToAddNewMomentScreenFromVaccineLog_VaccineLogPageTest -->
  <system-out/>
  <testcase name="verifyShareInGroupChatFullImageView_VaccineLogPageTest" classname="com.pom.crimson.testcases.momentlog.VaccineLogPageTest">
    <skipped/>
  </testcase> <!-- verifyShareInGroupChatFullImageView_VaccineLogPageTest -->
  <system-out/>
  <testcase name="verifyShareInExternalAppsFullImageView_VaccineLogPageTest" classname="com.pom.crimson.testcases.momentlog.VaccineLogPageTest">
    <skipped/>
  </testcase> <!-- verifyShareInExternalAppsFullImageView_VaccineLogPageTest -->
  <system-out/>
  <testcase name="verifyMomentCreationWithMilestoneWeight_VaccineLogPageTest" classname="com.pom.crimson.testcases.momentlog.VaccineLogPageTest">
    <skipped/>
  </testcase> <!-- verifyMomentCreationWithMilestoneWeight_VaccineLogPageTest -->
  <system-out/>
  <testcase name="verifyCrossBtnFullImageView_VaccineLogPageTest" classname="com.pom.crimson.testcases.momentlog.VaccineLogPageTest">
    <skipped/>
  </testcase> <!-- verifyCrossBtnFullImageView_VaccineLogPageTest -->
  <system-out/>
  <testcase name="verifyFullPageImageView_VaccineLogPageTest" classname="com.pom.crimson.testcases.momentlog.VaccineLogPageTest">
    <skipped/>
  </testcase> <!-- verifyFullPageImageView_VaccineLogPageTest -->
  <system-out/>
  <testcase name="verifyMomentWithoutImageShareInGroupChat_VaccineLogPageTest" classname="com.pom.crimson.testcases.momentlog.VaccineLogPageTest">
    <skipped/>
  </testcase> <!-- verifyMomentWithoutImageShareInGroupChat_VaccineLogPageTest -->
  <system-out/>
  <testcase name="verifyVaccineLogLinkIsDisplayed_VaccineLogPageTest" classname="com.pom.crimson.testcases.momentlog.VaccineLogPageTest">
    <skipped/>
  </testcase> <!-- verifyVaccineLogLinkIsDisplayed_VaccineLogPageTest -->
  <system-out/>
  <testcase name="verifyMomentCreationWithImageNoteMilestone_VaccineLogPageTest" classname="com.pom.crimson.testcases.momentlog.VaccineLogPageTest">
    <skipped/>
  </testcase> <!-- verifyMomentCreationWithImageNoteMilestone_VaccineLogPageTest -->
  <system-out/>
</testsuite> <!-- com.pom.crimson.testcases.momentlog.VaccineLogPageTest -->
