<?xml version="1.0" encoding="UTF-8"?>
<!-- Generated by org.testng.reporters.JUnitReportReporter -->
<testsuite skipped="0" hostname="IN-C02D733KMD6M.local" name="com.automation.testcases.api.DummyTestCase" tests="1" failures="0" timestamp="2022-05-18T15:49:34 IST" time="0.240" errors="0">
  <testcase name="dummyTestCase" time="0.240" classname="com.automation.testcases.api.DummyTestCase"/>
  <system-out/>
</testsuite> <!-- com.automation.testcases.api.DummyTestCase -->
